<?xml version="1.0" encoding="UTF-8"?>
<testng-results ignored="0" total="3" passed="3" failed="0" skipped="0">
  <reporter-output>
  </reporter-output>
  <suite started-at="2019-12-29T01:59:04Z" name="Default suite" finished-at="2019-12-29T01:59:41Z" duration-ms="37019">
    <groups>
    </groups>
    <test started-at="2019-12-29T01:59:04Z" name="Default test" finished-at="2019-12-29T01:59:41Z" duration-ms="37019">
      <class name="firstFramework.MercuryRun">
        <test-method is-config="true" signature="openBrowser()[pri:0, instance:firstFramework.MercuryRun@55740540]" started-at="2019-12-29T01:59:04Z" name="openBrowser" finished-at="2019-12-29T01:59:18Z" duration-ms="14526" status="PASS">
          <reporter-output>
          </reporter-output>
        </test-method> <!-- openBrowser -->
        <test-method signature="file()[pri:0, instance:firstFramework.MercuryRun@55740540]" started-at="2019-12-29T01:59:18Z" name="file" finished-at="2019-12-29T01:59:40Z" duration-ms="21886" status="PASS">
          <reporter-output>
          </reporter-output>
        </test-method> <!-- file -->
        <test-method signature="sys()[pri:0, instance:firstFramework.MercuryRun@55740540]" started-at="2019-12-29T01:59:40Z" name="sys" finished-at="2019-12-29T01:59:40Z" duration-ms="2" status="PASS">
          <reporter-output>
          </reporter-output>
        </test-method> <!-- sys -->
        <test-method signature="sys()[pri:0, instance:firstFramework.MercuryRun@55740540]" started-at="2019-12-29T01:59:40Z" name="sys" finished-at="2019-12-29T01:59:40Z" duration-ms="2" status="PASS">
          <reporter-output>
          </reporter-output>
        </test-method> <!-- sys -->
        <test-method is-config="true" signature="tearDown()[pri:0, instance:firstFramework.MercuryRun@55740540]" started-at="2019-12-29T01:59:40Z" name="tearDown" finished-at="2019-12-29T01:59:41Z" duration-ms="567" status="PASS">
          <reporter-output>
          </reporter-output>
        </test-method> <!-- tearDown -->
      </class> <!-- firstFramework.MercuryRun -->
    </test> <!-- Default test -->
  </suite> <!-- Default suite -->
</testng-results>
